[0.693s] DEBUG:colcon:Command line arguments: ['/usr/bin/colcon', 'list', '-p', '--base-paths', '/home/pi/ws_tank_projekt/src', '--log-base', '/dev/null']
[0.693s] DEBUG:colcon:Parsed command line arguments: Namespace(log_base=None, log_level=None, verb_name='list', build_base='build', ignore_user_meta=False, metas=['./colcon.meta'], base_paths=['/home/pi/ws_tank_projekt/src', '--log-base', '/dev/null'], packages_ignore=None, packages_ignore_regex=None, paths=None, packages_up_to=None, packages_up_to_regex=None, packages_above=None, packages_above_and_dependencies=None, packages_above_depth=None, packages_select_by_dep=None, packages_skip_by_dep=None, packages_skip_up_to=None, packages_select_build_failed=False, packages_skip_build_finished=False, packages_select_test_failures=False, packages_skip_test_passed=False, packages_select=None, packages_skip=None, packages_select_regex=None, packages_skip_regex=None, packages_start=None, packages_end=None, allow_overriding=[], topological_order=False, names_only=False, paths_only=True, topological_graph=False, topological_graph_dot=False, topological_graph_density=False, topological_graph_legend=False, topological_graph_dot_cluster=False, topological_graph_dot_include_skipped=False, mixin_files=None, mixin=None, verb_parser=<colcon_mixin.mixin.mixin_argument.MixinArgumentDecorator object at 0xffff9a3765d0>, verb_extension=<colcon_package_information.verb.list.ListVerb object at 0xffff9a375820>, main=<bound method ListVerb.main of <colcon_package_information.verb.list.ListVerb object at 0xffff9a375820>>, mixin_verb=('list',))
[1.248s] Level 1:colcon.colcon_core.package_discovery:discover_packages(colcon_meta) check parameters
[1.480s] Level 1:colcon.colcon_core.package_discovery:discover_packages(recursive) check parameters
[1.481s] Level 1:colcon.colcon_core.package_discovery:discover_packages(ignore) check parameters
[1.481s] Level 1:colcon.colcon_core.package_discovery:discover_packages(path) check parameters
[1.481s] Level 1:colcon.colcon_core.package_discovery:discover_packages(recursive) discover
[1.482s] INFO:colcon.colcon_core.package_discovery:Crawling recursively for packages in '/home/pi/ws_tank_projekt/src', '/home/pi/ws_tank_projekt/src/--log-base', '/dev/null'
[2.286s] Level 1:colcon.colcon_core.package_identification:_identify(/home/pi/ws_tank_projekt/src) by extensions ['ignore', 'ignore_ament_install']
[2.287s] Level 1:colcon.colcon_core.package_identification:_identify(/home/pi/ws_tank_projekt/src) by extension 'ignore'
[2.288s] Level 1:colcon.colcon_core.package_identification:_identify(/home/pi/ws_tank_projekt/src) by extension 'ignore_ament_install'
[2.289s] Level 1:colcon.colcon_core.package_identification:_identify(/home/pi/ws_tank_projekt/src) by extensions ['colcon_pkg']
[2.289s] Level 1:colcon.colcon_core.package_identification:_identify(/home/pi/ws_tank_projekt/src) by extension 'colcon_pkg'
[2.289s] Level 1:colcon.colcon_core.package_identification:_identify(/home/pi/ws_tank_projekt/src) by extensions ['colcon_meta']
[2.289s] Level 1:colcon.colcon_core.package_identification:_identify(/home/pi/ws_tank_projekt/src) by extension 'colcon_meta'
[2.290s] Level 1:colcon.colcon_core.package_identification:_identify(/home/pi/ws_tank_projekt/src) by extensions ['ros']
[2.290s] Level 1:colcon.colcon_core.package_identification:_identify(/home/pi/ws_tank_projekt/src) by extension 'ros'
[2.441s] Level 1:colcon.colcon_core.package_identification:_identify(/home/pi/ws_tank_projekt/src) by extensions ['cmake', 'meson', 'python']
[2.442s] Level 1:colcon.colcon_core.package_identification:_identify(/home/pi/ws_tank_projekt/src) by extension 'cmake'
[2.442s] Level 1:colcon.colcon_core.package_identification:_identify(/home/pi/ws_tank_projekt/src) by extension 'meson'
[2.443s] Level 1:colcon.colcon_core.package_identification:_identify(/home/pi/ws_tank_projekt/src) by extension 'python'
[2.443s] Level 1:colcon.colcon_core.package_identification:_identify(/home/pi/ws_tank_projekt/src) by extensions ['python_setup_py']
[2.443s] Level 1:colcon.colcon_core.package_identification:_identify(/home/pi/ws_tank_projekt/src) by extension 'python_setup_py'
[2.445s] Level 1:colcon.colcon_core.package_identification:_identify(/home/pi/ws_tank_projekt/src/log) by extensions ['ignore', 'ignore_ament_install']
[2.445s] Level 1:colcon.colcon_core.package_identification:_identify(/home/pi/ws_tank_projekt/src/log) by extension 'ignore'
[2.446s] Level 1:colcon.colcon_core.package_identification:_identify(/home/pi/ws_tank_projekt/src/log) ignored
[2.447s] Level 1:colcon.colcon_core.package_identification:_identify(/home/pi/ws_tank_projekt/src/ros2_imu_reader) by extensions ['ignore', 'ignore_ament_install']
[2.448s] Level 1:colcon.colcon_core.package_identification:_identify(/home/pi/ws_tank_projekt/src/ros2_imu_reader) by extension 'ignore'
[2.448s] Level 1:colcon.colcon_core.package_identification:_identify(/home/pi/ws_tank_projekt/src/ros2_imu_reader) by extension 'ignore_ament_install'
[2.449s] Level 1:colcon.colcon_core.package_identification:_identify(/home/pi/ws_tank_projekt/src/ros2_imu_reader) by extensions ['colcon_pkg']
[2.449s] Level 1:colcon.colcon_core.package_identification:_identify(/home/pi/ws_tank_projekt/src/ros2_imu_reader) by extension 'colcon_pkg'
[2.449s] Level 1:colcon.colcon_core.package_identification:_identify(/home/pi/ws_tank_projekt/src/ros2_imu_reader) by extensions ['colcon_meta']
[2.450s] Level 1:colcon.colcon_core.package_identification:_identify(/home/pi/ws_tank_projekt/src/ros2_imu_reader) by extension 'colcon_meta'
[2.450s] Level 1:colcon.colcon_core.package_identification:_identify(/home/pi/ws_tank_projekt/src/ros2_imu_reader) by extensions ['ros']
[2.451s] Level 1:colcon.colcon_core.package_identification:_identify(/home/pi/ws_tank_projekt/src/ros2_imu_reader) by extension 'ros'
[2.468s] DEBUG:colcon.colcon_core.package_identification:Package '/home/pi/ws_tank_projekt/src/ros2_imu_reader' with type 'ros.ament_python' and name 'ros2_imu_reader'
[2.469s] Level 1:colcon.colcon_core.package_identification:_identify(/home/pi/ws_tank_projekt/src/tank_bringup) by extensions ['ignore', 'ignore_ament_install']
[2.470s] Level 1:colcon.colcon_core.package_identification:_identify(/home/pi/ws_tank_projekt/src/tank_bringup) by extension 'ignore'
[2.473s] Level 1:colcon.colcon_core.package_identification:_identify(/home/pi/ws_tank_projekt/src/tank_bringup) by extension 'ignore_ament_install'
[2.474s] Level 1:colcon.colcon_core.package_identification:_identify(/home/pi/ws_tank_projekt/src/tank_bringup) by extensions ['colcon_pkg']
[2.474s] Level 1:colcon.colcon_core.package_identification:_identify(/home/pi/ws_tank_projekt/src/tank_bringup) by extension 'colcon_pkg'
[2.474s] Level 1:colcon.colcon_core.package_identification:_identify(/home/pi/ws_tank_projekt/src/tank_bringup) by extensions ['colcon_meta']
[2.475s] Level 1:colcon.colcon_core.package_identification:_identify(/home/pi/ws_tank_projekt/src/tank_bringup) by extension 'colcon_meta'
[2.475s] Level 1:colcon.colcon_core.package_identification:_identify(/home/pi/ws_tank_projekt/src/tank_bringup) by extensions ['ros']
[2.476s] Level 1:colcon.colcon_core.package_identification:_identify(/home/pi/ws_tank_projekt/src/tank_bringup) by extension 'ros'
[2.478s] DEBUG:colcon.colcon_core.package_identification:Package '/home/pi/ws_tank_projekt/src/tank_bringup' with type 'ros.ament_python' and name 'tank_bringup'
[2.479s] Level 1:colcon.colcon_core.package_identification:_identify(/home/pi/ws_tank_projekt/src/tank_control) by extensions ['ignore', 'ignore_ament_install']
[2.481s] Level 1:colcon.colcon_core.package_identification:_identify(/home/pi/ws_tank_projekt/src/tank_control) by extension 'ignore'
[2.482s] Level 1:colcon.colcon_core.package_identification:_identify(/home/pi/ws_tank_projekt/src/tank_control) by extension 'ignore_ament_install'
[2.482s] Level 1:colcon.colcon_core.package_identification:_identify(/home/pi/ws_tank_projekt/src/tank_control) by extensions ['colcon_pkg']
[2.483s] Level 1:colcon.colcon_core.package_identification:_identify(/home/pi/ws_tank_projekt/src/tank_control) by extension 'colcon_pkg'
[2.483s] Level 1:colcon.colcon_core.package_identification:_identify(/home/pi/ws_tank_projekt/src/tank_control) by extensions ['colcon_meta']
[2.483s] Level 1:colcon.colcon_core.package_identification:_identify(/home/pi/ws_tank_projekt/src/tank_control) by extension 'colcon_meta'
[2.484s] Level 1:colcon.colcon_core.package_identification:_identify(/home/pi/ws_tank_projekt/src/tank_control) by extensions ['ros']
[2.484s] Level 1:colcon.colcon_core.package_identification:_identify(/home/pi/ws_tank_projekt/src/tank_control) by extension 'ros'
[2.486s] DEBUG:colcon.colcon_core.package_identification:Package '/home/pi/ws_tank_projekt/src/tank_control' with type 'ros.ament_python' and name 'tank_control'
[2.487s] Level 1:colcon.colcon_core.package_discovery:discover_packages(recursive) using defaults
